    Finished `release` profile [optimized] target(s) in 0.41s
     Running `target/release/ahm-parse-events`
Connection with parachain established.
[2025-05-20T09:02:07Z INFO  ahm_parse_events] [11736086] Other event: Balances::Minted
[2025-05-20T09:02:07Z INFO  ahm_parse_events] [11736086] Other event: Balances::Minted
[2025-05-20T09:02:07Z INFO  ahm_parse_events] [11736086] Other event: Balances::Minted
[2025-05-20T09:02:07Z INFO  ahm_parse_events] [11736086] Other event: Balances::Minted
[2025-05-20T09:02:07Z INFO  ahm_parse_events] [11736086] Other event: Balances::Minted
[2025-05-20T09:02:07Z INFO  ahm_parse_events] [11736086] Other event: Balances::Minted
[2025-05-20T09:02:07Z INFO  ahm_parse_events] [11736086] Other event: Balances::Minted
[2025-05-20T09:02:07Z INFO  ahm_parse_events] [11736086] Other event: Balances::Minted
[2025-05-20T09:02:07Z INFO  ahm_parse_events] [11736086] Other event: Balances::Minted
[2025-05-20T09:02:07Z INFO  ahm_parse_events] [11736086] Other event: System::NewAccount
[2025-05-20T09:02:07Z INFO  ahm_parse_events] [11736086] Other event: Balances::Endowed
[2025-05-20T09:02:07Z INFO  ahm_parse_events] [11736086] Other event: Balances::Minted
[2025-05-20T09:02:07Z INFO  ahm_parse_events] [11736086] Other event: Balances::Reserved
[2025-05-20T09:02:07Z INFO  ahm_parse_events] [11736086] Other event: Balances::Minted
[2025-05-20T09:02:07Z INFO  ahm_parse_events] [11736086] Other event: Balances::Minted
[2025-05-20T09:02:07Z INFO  ahm_parse_events] [11736086] Other event: Balances::Minted
[2025-05-20T09:02:07Z INFO  ahm_parse_events] [11736086] Other event: Balances::Minted
[2025-05-20T09:02:07Z INFO  ahm_parse_events] [11736086] Other event: System::NewAccount
[2025-05-20T09:02:07Z INFO  ahm_parse_events] [11736086] Other event: Balances::Endowed
[2025-05-20T09:02:07Z INFO  ahm_parse_events] [11736086] Other event: Balances::Minted
[2025-05-20T09:02:07Z INFO  ahm_parse_events] [11736086] Other event: Balances::Minted
[2025-05-20T09:02:07Z INFO  ahm_parse_events] [11736086] Other event: Balances::Reserved
[2025-05-20T09:02:07Z INFO  ahm_parse_events] [11736086] Other event: Balances::Minted
[2025-05-20T09:02:07Z INFO  ahm_parse_events] [11736086] Other event: Balances::Minted
[2025-05-20T09:02:07Z INFO  ahm_parse_events] [11736086] Other event: Balances::Minted
[2025-05-20T09:02:07Z INFO  ahm_parse_events] [11736086] Other event: Balances::Minted
[2025-05-20T09:02:07Z INFO  ahm_parse_events] [11736086] Other event: Balances::Minted
[2025-05-20T09:02:07Z INFO  ahm_parse_events] [11736086] Other event: Balances::Minted
[2025-05-20T09:02:07Z INFO  ahm_parse_events] [11736086] Other event: Balances::Minted
[2025-05-20T09:02:07Z INFO  ahm_parse_events] [11736086] Other event: Balances::Minted
[2025-05-20T09:02:07Z INFO  ahm_parse_events] [11736086] Other event: Balances::Minted
[2025-05-20T09:02:07Z INFO  ahm_parse_events] [11736086] Other event: Balances::Minted
[2025-05-20T09:02:07Z INFO  ahm_parse_events] [11736086] Other event: Balances::Minted
[2025-05-20T09:02:07Z INFO  ahm_parse_events] [11736086] Other event: System::NewAccount
[2025-05-20T09:02:07Z INFO  ahm_parse_events] [11736086] Other event: Balances::Endowed
[2025-05-20T09:02:07Z INFO  ahm_parse_events] [11736086] Other event: Balances::Minted
[2025-05-20T09:02:07Z INFO  ahm_parse_events] [11736086] Other event: Balances::Minted
[2025-05-20T09:02:07Z INFO  ahm_parse_events] [11736086] Other event: Balances::Minted
[2025-05-20T09:02:07Z INFO  ahm_parse_events] [11736086] Other event: Balances::Minted
[2025-05-20T09:02:07Z INFO  ahm_parse_events] [11736086] Other event: Balances::Minted
[2025-05-20T09:02:07Z INFO  ahm_parse_events] [11736086] Other event: Balances::Minted
[2025-05-20T09:02:07Z INFO  ahm_parse_events] [11736086] Other event: Balances::Minted
[2025-05-20T09:02:07Z INFO  ahm_parse_events] [11736086] Other event: Balances::Minted
[2025-05-20T09:02:07Z INFO  ahm_parse_events] [11736086] Other event: Balances::Minted
[2025-05-20T09:02:07Z INFO  ahm_parse_events] [11736086] Other event: Balances::Reserved
[2025-05-20T09:02:07Z INFO  ahm_parse_events] [11736086] Other event: Balances::Minted
[2025-05-20T09:02:07Z INFO  ahm_parse_events] [11736086] Other event: Balances::Minted
[2025-05-20T09:02:07Z INFO  ahm_parse_events] [11736086] Other event: Balances::Minted
